Add component: Footprint Not Found DIP40
Added Component: Designator=C1(ece-CC2012-0805)
Add component (AddParameter): Name = "Value"; Value = ""; VariantName = "[No Variations]"
Added Component: Designator=C2(ece-CC2012-0805)
Add component (AddParameter): Name = "Value"; Value = ""; VariantName = "[No Variations]"
Added Component: Designator=C3(ece-CC2012-0805)
Add component (AddParameter): Name = "Value"; Value = ""; VariantName = "[No Variations]"
Added Component: Designator=C4(ece-CC2012-0805)
Add component (AddParameter): Name = "Value"; Value = ""; VariantName = "[No Variations]"
Added Component: Designator=C5(ece-CC2012-0805)
Add component (AddParameter): Name = "Value"; Value = ""; VariantName = "[No Variations]"
Added Component: Designator=J1(ECE-phonejackStereo)
Added Component: Designator=J2(ECE-phonejackStereo)
Added Component: Designator=P1(ece-HDR1X2)
Add component (AddParameter): Name = "LatestRevisionDate"; Value = "17-Jul-2002"; VariantName = "[No Variations]"
Add component (AddParameter): Name = "LatestRevisionNote"; Value = "Re-released for DXP Platform."; VariantName = "[No Variations]"
Add component (AddParameter): Name = "Publisher"; Value = "Altium Limited"; VariantName = "[No Variations]"
Added Component: Designator=P2(ece-HDR1X2)
Add component (AddParameter): Name = "LatestRevisionDate"; Value = "17-Jul-2002"; VariantName = "[No Variations]"
Add component (AddParameter): Name = "LatestRevisionNote"; Value = "Re-released for DXP Platform."; VariantName = "[No Variations]"
Add component (AddParameter): Name = "Publisher"; Value = "Altium Limited"; VariantName = "[No Variations]"
Added Component: Designator=P3(ece-HDR1X3)
Add component (AddParameter): Name = "LatestRevisionDate"; Value = "17-Jul-2002"; VariantName = "[No Variations]"
Add component (AddParameter): Name = "LatestRevisionNote"; Value = "Re-released for DXP Platform."; VariantName = "[No Variations]"
Add component (AddParameter): Name = "Publisher"; Value = "Altium Limited"; VariantName = "[No Variations]"
Added Component: Designator=P4(ece-HDR1X3)
Add component (AddParameter): Name = "LatestRevisionDate"; Value = "17-Jul-2002"; VariantName = "[No Variations]"
Add component (AddParameter): Name = "LatestRevisionNote"; Value = "Re-released for DXP Platform."; VariantName = "[No Variations]"
Add component (AddParameter): Name = "Publisher"; Value = "Altium Limited"; VariantName = "[No Variations]"
Added Component: Designator=P5(ece-HDR1X2)
Add component (AddParameter): Name = "LatestRevisionDate"; Value = "17-Jul-2002"; VariantName = "[No Variations]"
Add component (AddParameter): Name = "LatestRevisionNote"; Value = "Re-released for DXP Platform."; VariantName = "[No Variations]"
Add component (AddParameter): Name = "Publisher"; Value = "Altium Limited"; VariantName = "[No Variations]"
Added Component: Designator=P6(ece-HDR1X3)
Add component (AddParameter): Name = "LatestRevisionDate"; Value = "17-Jul-2002"; VariantName = "[No Variations]"
Add component (AddParameter): Name = "LatestRevisionNote"; Value = "Re-released for DXP Platform."; VariantName = "[No Variations]"
Add component (AddParameter): Name = "Publisher"; Value = "Altium Limited"; VariantName = "[No Variations]"
Added Component: Designator=Q1(ece-TO-92)
Add component (AddParameter): Name = "Value"; Value = "BF245"; VariantName = "[No Variations]"
Added Component: Designator=R1(RESC2012-0805SM)
Add component (AddParameter): Name = "Value"; Value = ""; VariantName = "[No Variations]"
Added Component: Designator=R2(RESC2012-0805SM)
Add component (AddParameter): Name = "Value"; Value = ""; VariantName = "[No Variations]"
Added Component: Designator=R3(RESC2012-0805SM)
Add component (AddParameter): Name = "Value"; Value = ""; VariantName = "[No Variations]"
Added Component: Designator=R4(RESC2012-0805SM)
Add component (AddParameter): Name = "Value"; Value = ""; VariantName = "[No Variations]"
Added Component: Designator=R5(RESC2012-0805SM)
Add component (AddParameter): Name = "Value"; Value = ""; VariantName = "[No Variations]"
Added Component: Designator=R6(RESC2012-0805SM)
Add component (AddParameter): Name = "Value"; Value = ""; VariantName = "[No Variations]"
Added Component: Designator=R7(RESC2012-0805SM)
Add component (AddParameter): Name = "Value"; Value = ""; VariantName = "[No Variations]"
Added Component: Designator=R8(RESC2012-0805SM)
Add component (AddParameter): Name = "Value"; Value = ""; VariantName = "[No Variations]"
Added Component: Designator=R9(RESC2012-0805SM)
Add component (AddParameter): Name = "Value"; Value = ""; VariantName = "[No Variations]"
Added Component: Designator=R10(RESC2012-0805SM)
Add component (AddParameter): Name = "Value"; Value = ""; VariantName = "[No Variations]"
Added Component: Designator=R11(RESC2012-0805SM)
Add component (AddParameter): Name = "Value"; Value = ""; VariantName = "[No Variations]"
Added Component: Designator=R12(RESC2012-0805SM)
Add component (AddParameter): Name = "Value"; Value = ""; VariantName = "[No Variations]"
Added Component: Designator=R13(RESC2012-0805SM)
Add component (AddParameter): Name = "Value"; Value = ""; VariantName = "[No Variations]"
Added Component: Designator=R14(RESC2012-0805SM)
Add component (AddParameter): Name = "Value"; Value = ""; VariantName = "[No Variations]"
Added Component: Designator=R15(RESC2012-0805SM)
Add component (AddParameter): Name = "Value"; Value = ""; VariantName = "[No Variations]"
Added Component: Designator=R16(RESC2012-0805SM)
Add component (AddParameter): Name = "Value"; Value = ""; VariantName = "[No Variations]"
Added Component: Designator=R17(RESC2012-0805SM)
Add component (AddParameter): Name = "Value"; Value = ""; VariantName = "[No Variations]"
Added Component: Designator=R18(RESC2012-0805SM)
Add component (AddParameter): Name = "Value"; Value = ""; VariantName = "[No Variations]"
Added Component: Designator=R19(RESC2012-0805SM)
Add component (AddParameter): Name = "Value"; Value = ""; VariantName = "[No Variations]"
Added Component: Designator=R20(RESC2012-0805SM)
Add component (AddParameter): Name = "Value"; Value = ""; VariantName = "[No Variations]"
Added Component: Designator=R21(RESC2012-0805SM)
Add component (AddParameter): Name = "Value"; Value = ""; VariantName = "[No Variations]"
Added Component: Designator=R22(RESC2012-0805SM)
Add component (AddParameter): Name = "Value"; Value = ""; VariantName = "[No Variations]"
Added Component: Designator=R23(RESC2012-0805SM)
Add component (AddParameter): Name = "Value"; Value = ""; VariantName = "[No Variations]"
Added Component: Designator=R24(RESC2012-0805SM)
Add component (AddParameter): Name = "Value"; Value = ""; VariantName = "[No Variations]"
Added Component: Designator=R25(RESC2012-0805SM)
Add component (AddParameter): Name = "Value"; Value = ""; VariantName = "[No Variations]"
Added Component: Designator=R26(RESC2012-0805SM)
Add component (AddParameter): Name = "Value"; Value = ""; VariantName = "[No Variations]"
Added Component: Designator=R27(RESC2012-0805SM)
Add component (AddParameter): Name = "Value"; Value = ""; VariantName = "[No Variations]"
Added Component: Designator=R28(RESC2012-0805SM)
Add component (AddParameter): Name = "Value"; Value = ""; VariantName = "[No Variations]"
Added Component: Designator=R29(RESC2012-0805SM)
Add component (AddParameter): Name = "Value"; Value = ""; VariantName = "[No Variations]"
Added Component: Designator=R30(RESC2012-0805SM)
Add component (AddParameter): Name = "Value"; Value = ""; VariantName = "[No Variations]"
Added Component: Designator=R31(RESC2012-0805SM)
Add component (AddParameter): Name = "Value"; Value = ""; VariantName = "[No Variations]"
Added Component: Designator=R32(RESC2012-0805SM)
Add component (AddParameter): Name = "Value"; Value = ""; VariantName = "[No Variations]"
Added Component: Designator=R33(RESC2012-0805SM)
Add component (AddParameter): Name = "Value"; Value = ""; VariantName = "[No Variations]"
Added Component: Designator=R34(RESC2012-0805SM)
Add component (AddParameter): Name = "Value"; Value = ""; VariantName = "[No Variations]"
Added Component: Designator=R35(RESC2012-0805SM)
Add component (AddParameter): Name = "Value"; Value = ""; VariantName = "[No Variations]"
Added Component: Designator=R36(RESC2012-0805SM)
Add component (AddParameter): Name = "Value"; Value = ""; VariantName = "[No Variations]"
Added Component: Designator=R37(RESC2012-0805SM)
Add component (AddParameter): Name = "Value"; Value = ""; VariantName = "[No Variations]"
Added Component: Designator=R38(RESC2012-0805SM)
Add component (AddParameter): Name = "Value"; Value = ""; VariantName = "[No Variations]"
Added Component: Designator=R39(RESC2012-0805SM)
Add component (AddParameter): Name = "Value"; Value = ""; VariantName = "[No Variations]"
Added Component: Designator=R40(RESC2012-0805SM)
Add component (AddParameter): Name = "Value"; Value = ""; VariantName = "[No Variations]"
Added Component: Designator=R41(RESC2012-0805SM)
Add component (AddParameter): Name = "Value"; Value = ""; VariantName = "[No Variations]"
Added Component: Designator=R42(RESC2012-0805SM)
Add component (AddParameter): Name = "Value"; Value = ""; VariantName = "[No Variations]"
Added Component: Designator=R43(RESC2012-0805SM)
Add component (AddParameter): Name = "Value"; Value = ""; VariantName = "[No Variations]"
Added Component: Designator=U1(ECE-DIP8)
Add component (AddParameter): Name = "Value"; Value = "TLC082"; VariantName = "[No Variations]"
Added Pin To Net: NetName=3V3 Pin=P5-1
Added Pin To Net: NetName=3V3 Pin=R29-1
Added Pin To Net: NetName=3V3 Pin=R32-2
Added Net: Name=3V3
Added Pin To Net: NetName=AUDIO_0 Pin=R1-1
Added Net: Name=AUDIO_0
Added Pin To Net: NetName=AUDIO_1 Pin=R4-1
Added Net: Name=AUDIO_1
Added Pin To Net: NetName=AUDIO_2 Pin=R8-1
Added Net: Name=AUDIO_2
Added Pin To Net: NetName=AUDIO_3 Pin=R10-1
Added Net: Name=AUDIO_3
Added Pin To Net: NetName=AUDIO_4 Pin=R12-1
Added Net: Name=AUDIO_4
Added Pin To Net: NetName=AUDIO_5 Pin=R15-1
Added Net: Name=AUDIO_5
Added Pin To Net: NetName=AUDIO_6 Pin=R18-1
Added Net: Name=AUDIO_6
Added Pin To Net: NetName=AUDIO_7 Pin=R20-1
Added Net: Name=AUDIO_7
Added Pin To Net: NetName=AUDIO_8 Pin=R23-1
Added Net: Name=AUDIO_8
Added Pin To Net: NetName=AUDIO_9 Pin=R25-1
Added Net: Name=AUDIO_9
Added Pin To Net: NetName=AUDIO_10 Pin=R27-1
Added Net: Name=AUDIO_10
Added Pin To Net: NetName=AUDIO_11 Pin=R31-1
Added Net: Name=AUDIO_11
Added Pin To Net: NetName=AUDIO_12 Pin=R35-1
Added Net: Name=AUDIO_12
Added Pin To Net: NetName=AUDIO_13 Pin=R39-1
Added Net: Name=AUDIO_13
Added Pin To Net: NetName=AUDIO_14 Pin=R41-1
Added Net: Name=AUDIO_14
Added Pin To Net: NetName=AUDIO_15 Pin=R43-1
Added Net: Name=AUDIO_15
Added Pin To Net: NetName=AUDIO_IN Pin=P6-3
Added Net: Name=AUDIO_IN
Added Pin To Net: NetName=AUDIO_OUT Pin=C1-1
Added Pin To Net: NetName=AUDIO_OUT Pin=R17-1
Added Net: Name=AUDIO_OUT
Added Pin To Net: NetName=AUDIO_PWM Pin=R17-2
Added Net: Name=AUDIO_PWM
Added Pin To Net: NetName=GND Pin=C1-2
Added Pin To Net: NetName=GND Pin=C2-2
Added Pin To Net: NetName=GND Pin=J1-1
Added Pin To Net: NetName=GND Pin=J2-1
Added Pin To Net: NetName=GND Pin=P1-2
Added Pin To Net: NetName=GND Pin=P2-2
Added Pin To Net: NetName=GND Pin=P3-3
Added Pin To Net: NetName=GND Pin=P4-3
Added Pin To Net: NetName=GND Pin=R2-2
Added Pin To Net: NetName=GND Pin=R14-2
Added Pin To Net: NetName=GND Pin=R28-1
Added Pin To Net: NetName=GND Pin=R36-2
Added Pin To Net: NetName=GND Pin=R38-2
Added Pin To Net: NetName=GND Pin=U1-4
Added Net: Name=GND
Added Pin To Net: NetName=LED1_DRIVE Pin=R5-1
Added Net: Name=LED1_DRIVE
Added Pin To Net: NetName=LED2_DRIVE Pin=R6-1
Added Net: Name=LED2_DRIVE
Added Pin To Net: NetName=MIC_IN Pin=J1-2
Added Pin To Net: NetName=MIC_IN Pin=P6-1
Added Pin To Net: NetName=MIC_IN Pin=R32-1
Added Pin To Net: NetName=MIC_IN Pin=R34-2
Added Net: Name=MIC_IN
Added Pin To Net: NetName=Net*_35 Pin=P5-2
Added Pin To Net: NetName=Net*_35 Pin=R14-1
Added Net: Name=Net*_35
Added Pin To Net: NetName=NetC3_1 Pin=C3-1
Added Pin To Net: NetName=NetC3_1 Pin=R21-2
Added Pin To Net: NetName=NetC3_1 Pin=U1-1
Added Net: Name=NetC3_1
Added Pin To Net: NetName=NetC4_1 Pin=C4-1
Added Pin To Net: NetName=NetC4_1 Pin=Q1-2
Added Pin To Net: NetName=NetC4_1 Pin=R29-2
Added Net: Name=NetC4_1
Added Pin To Net: NetName=NetC5_1 Pin=C5-1
Added Pin To Net: NetName=NetC5_1 Pin=R34-1
Added Net: Name=NetC5_1
Added Pin To Net: NetName=NetC5_2 Pin=C5-2
Added Pin To Net: NetName=NetC5_2 Pin=Q1-1
Added Pin To Net: NetName=NetC5_2 Pin=R36-1
Added Net: Name=NetC5_2
Added Pin To Net: NetName=NetP1_1 Pin=P1-1
Added Pin To Net: NetName=NetP1_1 Pin=R5-2
Added Net: Name=NetP1_1
Added Pin To Net: NetName=NetP2_1 Pin=P2-1
Added Pin To Net: NetName=NetP2_1 Pin=R6-2
Added Net: Name=NetP2_1
Added Pin To Net: NetName=NetQ1_3 Pin=Q1-3
Added Pin To Net: NetName=NetQ1_3 Pin=R38-1
Added Net: Name=NetQ1_3
Added Pin To Net: NetName=NetR1_2 Pin=R1-2
Added Pin To Net: NetName=NetR1_2 Pin=R2-1
Added Pin To Net: NetName=NetR1_2 Pin=R3-2
Added Net: Name=NetR1_2
Added Pin To Net: NetName=NetR3_1 Pin=R3-1
Added Pin To Net: NetName=NetR3_1 Pin=R4-2
Added Pin To Net: NetName=NetR3_1 Pin=R7-2
Added Net: Name=NetR3_1
Added Pin To Net: NetName=NetR7_1 Pin=R7-1
Added Pin To Net: NetName=NetR7_1 Pin=R8-2
Added Pin To Net: NetName=NetR7_1 Pin=R9-2
Added Net: Name=NetR7_1
Added Pin To Net: NetName=NetR9_1 Pin=R9-1
Added Pin To Net: NetName=NetR9_1 Pin=R10-2
Added Pin To Net: NetName=NetR9_1 Pin=R11-2
Added Net: Name=NetR9_1
Added Pin To Net: NetName=NetR11_1 Pin=R11-1
Added Pin To Net: NetName=NetR11_1 Pin=R12-2
Added Pin To Net: NetName=NetR11_1 Pin=R13-2
Added Net: Name=NetR11_1
Added Pin To Net: NetName=NetR13_1 Pin=R13-1
Added Pin To Net: NetName=NetR13_1 Pin=R15-2
Added Pin To Net: NetName=NetR13_1 Pin=R16-2
Added Net: Name=NetR13_1
Added Pin To Net: NetName=NetR16_1 Pin=R16-1
Added Pin To Net: NetName=NetR16_1 Pin=R18-2
Added Pin To Net: NetName=NetR16_1 Pin=R19-2
Added Net: Name=NetR16_1
Added Pin To Net: NetName=NetR19_1 Pin=R19-1
Added Pin To Net: NetName=NetR19_1 Pin=R20-2
Added Pin To Net: NetName=NetR19_1 Pin=R22-2
Added Net: Name=NetR19_1
Added Pin To Net: NetName=NetR21_1 Pin=R21-1
Added Pin To Net: NetName=NetR21_1 Pin=R42-1
Added Pin To Net: NetName=NetR21_1 Pin=R43-2
Added Pin To Net: NetName=NetR21_1 Pin=U1-2
Added Net: Name=NetR21_1
Added Pin To Net: NetName=NetR22_1 Pin=R22-1
Added Pin To Net: NetName=NetR22_1 Pin=R23-2
Added Pin To Net: NetName=NetR22_1 Pin=R24-2
Added Net: Name=NetR22_1
Added Pin To Net: NetName=NetR24_1 Pin=R24-1
Added Pin To Net: NetName=NetR24_1 Pin=R25-2
Added Pin To Net: NetName=NetR24_1 Pin=R26-2
Added Net: Name=NetR24_1
Added Pin To Net: NetName=NetR26_1 Pin=R26-1
Added Pin To Net: NetName=NetR26_1 Pin=R27-2
Added Pin To Net: NetName=NetR26_1 Pin=R30-2
Added Net: Name=NetR26_1
Added Pin To Net: NetName=NetR30_1 Pin=R30-1
Added Pin To Net: NetName=NetR30_1 Pin=R31-2
Added Pin To Net: NetName=NetR30_1 Pin=R33-2
Added Net: Name=NetR30_1
Added Pin To Net: NetName=NetR33_1 Pin=R33-1
Added Pin To Net: NetName=NetR33_1 Pin=R35-2
Added Pin To Net: NetName=NetR33_1 Pin=R37-2
Added Net: Name=NetR33_1
Added Pin To Net: NetName=NetR37_1 Pin=R37-1
Added Pin To Net: NetName=NetR37_1 Pin=R39-2
Added Pin To Net: NetName=NetR37_1 Pin=R40-2
Added Net: Name=NetR37_1
Added Pin To Net: NetName=NetR40_1 Pin=R40-1
Added Pin To Net: NetName=NetR40_1 Pin=R41-2
Added Pin To Net: NetName=NetR40_1 Pin=R42-2
Added Net: Name=NetR40_1
Added Pin To Net: NetName=PREAMP_IN Pin=C4-2
Added Pin To Net: NetName=PREAMP_IN Pin=P6-2
Added Net: Name=PREAMP_IN
Added Pin To Net: NetName=SERVO1_DRIVE Pin=P3-1
Added Net: Name=SERVO1_DRIVE
Added Pin To Net: NetName=SERVO2_DRIVE Pin=P4-1
Added Net: Name=SERVO2_DRIVE
Added Pin To Net: NetName=SPEAKER_OUT Pin=C3-2
Added Pin To Net: NetName=SPEAKER_OUT Pin=J2-2
Added Pin To Net: NetName=SPEAKER_OUT Pin=R28-2
Added Net: Name=SPEAKER_OUT
Added Pin To Net: NetName=VCC Pin=C2-1
Added Pin To Net: NetName=VCC Pin=P3-2
Added Pin To Net: NetName=VCC Pin=P4-2
Added Pin To Net: NetName=VCC Pin=U1-3
Added Pin To Net: NetName=VCC Pin=U1-8
Added Net: Name=VCC
Added Class: Name=ControlBoard
Added Rule: Name=Schematic Supply Nets
Added Rule: Name=Schematic Supply Nets_1
Added Rule: Name=Schematic Supply Nets_2
