Removed Pin From Net: NetName=SPEAKER_OUT Pin=C3-2
Removed Pin From Net: NetName=GND Pin=R2-2
Removed Pin From Net: NetName=GND Pin=R28-1
Removed Pin From Net: NetName=SPEAKER_OUT Pin=R28-2
Removed Pin From Net: NetName=VCC Pin=U1-3
Removed Pin From Net: NetName=GND Pin=U1-4
Removed Pin From Net: NetName=VCC Pin=U1-8
Removed Member From Class: ClassName=ControlBoard Member=C3
Removed Member From Class: ClassName=ControlBoard Member=R1
Removed Member From Class: ClassName=ControlBoard Member=R2
Removed Member From Class: ClassName=ControlBoard Member=R3
Removed Member From Class: ClassName=ControlBoard Member=R4
Removed Member From Class: ClassName=ControlBoard Member=R7
Removed Member From Class: ClassName=ControlBoard Member=R8
Removed Member From Class: ClassName=ControlBoard Member=R9
Removed Member From Class: ClassName=ControlBoard Member=R10
Removed Member From Class: ClassName=ControlBoard Member=R11
Removed Member From Class: ClassName=ControlBoard Member=R12
Removed Member From Class: ClassName=ControlBoard Member=R13
Removed Member From Class: ClassName=ControlBoard Member=R15
Removed Member From Class: ClassName=ControlBoard Member=R16
Removed Member From Class: ClassName=ControlBoard Member=R18
Removed Member From Class: ClassName=ControlBoard Member=R19
Removed Member From Class: ClassName=ControlBoard Member=R20
Removed Member From Class: ClassName=ControlBoard Member=R21
Removed Member From Class: ClassName=ControlBoard Member=R22
Removed Member From Class: ClassName=ControlBoard Member=R23
Removed Member From Class: ClassName=ControlBoard Member=R24
Removed Member From Class: ClassName=ControlBoard Member=R25
Removed Member From Class: ClassName=ControlBoard Member=R26
Removed Member From Class: ClassName=ControlBoard Member=R27
Removed Member From Class: ClassName=ControlBoard Member=R28
Removed Member From Class: ClassName=ControlBoard Member=R30
Removed Member From Class: ClassName=ControlBoard Member=R31
Removed Member From Class: ClassName=ControlBoard Member=R33
Removed Member From Class: ClassName=ControlBoard Member=R35
Removed Member From Class: ClassName=ControlBoard Member=R37
Removed Member From Class: ClassName=ControlBoard Member=R39
Removed Member From Class: ClassName=ControlBoard Member=R40
Removed Member From Class: ClassName=ControlBoard Member=R41
Removed Member From Class: ClassName=ControlBoard Member=R42
Removed Member From Class: ClassName=ControlBoard Member=R43
Removed Member From Class: ClassName=ControlBoard Member=U1
